<?xml version="1.0" encoding="UTF-8"?>
<TestRun id="a9404f48-55d9-4ff5-af3b-2817746e0e1d" name="Sarah@TROGDOR 2013-04-09 00:12:37" runUser="TROGDOR\Sarah" xmlns="http://microsoft.com/schemas/VisualStudio/TeamTest/2010">
  <TestSettings name="Local" id="54ba7e87-19a6-4b8d-ba6c-e4803ae8a05b">
    <Description>These are default test settings for a local test run.</Description>
    <Deployment enabled="false" runDeploymentRoot="Sarah_TROGDOR 2013-04-09 00_12_37">
      <DeploymentItem filename="C:\Program Files (x86)\Microsoft XNA\XNA Game Studio\v4.0\References\Windows\x86\Microsoft.Xna.Framework.Game.dll" />
      <DeploymentItem filename="C:\Program Files (x86)\Microsoft XNA\XNA Game Studio\v4.0\References\Windows\x86\Microsoft.Xna.Framework.dll" />
      <DeploymentItem filename="C:\Program Files (x86)\Microsoft XNA\XNA Game Studio\v4.0\References\Windows\x86\Microsoft.Xna.Framework.Content.Pipeline.XImporter.dll" />
      <DeploymentItem filename="C:\Program Files (x86)\Microsoft XNA\XNA Game Studio\v4.0\References\Windows\x86\Microsoft.Xna.Framework.Content.Pipeline.EffectImporter.dll" />
      <DeploymentItem filename="C:\Program Files (x86)\Microsoft XNA\XNA Game Studio\v4.0\References\Windows\x86\Microsoft.Xna.Framework.Content.Pipeline.VideoImporters.dll" />
      <DeploymentItem filename="C:\Program Files (x86)\Microsoft XNA\XNA Game Studio\v4.0\References\Windows\x86\Microsoft.Xna.Framework.Graphics.dll" />
      <DeploymentItem filename="C:\Program Files (x86)\Microsoft XNA\XNA Game Studio\v4.0\References\Windows\x86\Microsoft.Xna.Framework.Content.Pipeline.dll" />
      <DeploymentItem filename="C:\Users\Sarah\Documents\GitHub\spnmario\spnmario\spnmario\bin\x86\Debug\spnmario.exe" />
      <DeploymentItem filename="C:\Program Files (x86)\Microsoft XNA\XNA Game Studio\v4.0\References\Windows\x86\Microsoft.Xna.Framework.Xact.dll" />
      <DeploymentItem filename="C:\Program Files (x86)\Microsoft XNA\XNA Game Studio\v4.0\References\Windows\x86\Microsoft.Xna.Framework.Content.Pipeline.FBXImporter.dll" />
      <DeploymentItem filename="C:\Program Files (x86)\Microsoft XNA\XNA Game Studio\v4.0\References\Windows\x86\Microsoft.Xna.Framework.Content.Pipeline.AudioImporters.dll" />
      <DeploymentItem filename="C:\Program Files (x86)\Microsoft XNA\XNA Game Studio\v4.0\References\Windows\x86\Microsoft.Xna.Framework.Content.Pipeline.TextureImporter.dll" />
    </Deployment>
    <Execution>
      <TestTypeSpecific />
      <AgentRule name="Execution Agents">
      </AgentRule>
    </Execution>
  </TestSettings>
  <Times creation="2013-04-09T00:12:37.0641890-04:00" queuing="2013-04-09T00:12:37.0710213-04:00" start="2013-04-09T00:12:37.0730215-04:00" finish="2013-04-09T00:12:37.1740413-04:00" />
  <ResultSummary outcome="Completed">
    <Counters total="1" executed="1" passed="1" error="0" failed="0" timeout="0" aborted="0" inconclusive="0" passedButRunAborted="0" notRunnable="0" notExecuted="0" disconnected="0" warning="0" completed="0" inProgress="0" pending="0" />
  </ResultSummary>
  <TestDefinitions>
    <UnitTest name="TestMethod1" storage="c:\users\sarah\documents\github\spnmario\testproject1\bin\debug\testproject1.dll" id="59863143-3238-122e-4d8a-637b491cc755">
      <Execution id="fd5fe26d-b6a5-4ff2-9a2d-59a92dfda102" />
      <TestMethod codeBase="C:/Users/Sarah/Documents/GitHub/spnmario/TestProject1/bin/Debug/TestProject1.DLL" adapterTypeName="Microsoft.VisualStudio.TestTools.TestTypes.Unit.UnitTestAdapter, Microsoft.VisualStudio.QualityTools.Tips.UnitTest.Adapter, Version=10.0.0.0, Culture=neutral, PublicKeyToken=b03f5f7f11d50a3a" className="TestProject1.UnitTest1, TestProject1, Version=1.0.0.0, Culture=neutral, PublicKeyToken=null" name="TestMethod1" />
    </UnitTest>
  </TestDefinitions>
  <TestLists>
    <TestList name="Results Not in a List" id="8c84fa94-04c1-424b-9868-57a2d4851a1d" />
    <TestList name="All Loaded Results" id="19431567-8539-422a-85d7-44ee4e166bda" />
  </TestLists>
  <TestEntries>
    <TestEntry testId="59863143-3238-122e-4d8a-637b491cc755" executionId="fd5fe26d-b6a5-4ff2-9a2d-59a92dfda102" testListId="8c84fa94-04c1-424b-9868-57a2d4851a1d" />
  </TestEntries>
  <Results>
    <UnitTestResult executionId="fd5fe26d-b6a5-4ff2-9a2d-59a92dfda102" testId="59863143-3238-122e-4d8a-637b491cc755" testName="TestMethod1" computerName="TROGDOR" duration="00:00:00.0088038" startTime="2013-04-09T00:12:37.0750218-04:00" endTime="2013-04-09T00:12:37.1670418-04:00" testType="13cdc9d9-ddb5-4fa4-a97d-d965ccfc6d4b" outcome="Passed" testListId="8c84fa94-04c1-424b-9868-57a2d4851a1d" relativeResultsDirectory="fd5fe26d-b6a5-4ff2-9a2d-59a92dfda102">
    </UnitTestResult>
  </Results>
</TestRun>